P0 E 1682448896542,1682448896544
P0 S 1682448896677,1682448896679
P0 E 1682448896934,1682448896936
P0 S 1682448897222,1682448897224
P0 E 1682448897468,1682448897470
P0 S 1682448897528,1682448897530
P0 E 1682448898031,1682448898033
P0 S 1682448898226,1682448898228
P0 E 1682448898676,1682448898678
P0 S 1682448898728,1682448898730
P0 E 1682448899228,1682448899230
P0 S 1682448899516,1682448899518
P0 E 1682448900002,1682448900004
P0 S 1682448900194,1682448900196
P0 E 1682448900452,1682448900454
P0 S 1682448900541,1682448900543
P0 E 1682448900767,1682448900769
P0 S 1682448900779,1682448900781
P0 E 1682448900973,1682448900975
P0 S 1682448901086,1682448901088
P0 E 1682448901582,1682448901584
P0 S 1682448901628,1682448901630
P0 E 1682448901949,1682448901951
P0 S 1682448902088,1682448902090
P0 E 1682448902784,1682448902786
P0 S 1682448903051,1682448903053
P0 E 1682448903292,1682448903294
P0 S 1682448903367,1682448903369
P0 E 1682448903535,1682448903537
P0 S 1682448903573,1682448903575
P0 E 1682448903754,1682448903756
P0 S 1682448903907,1682448903909
P0 E 1682448904156,1682448904158
P0 S 1682448904370,1682448904372
P0 E 1682448904774,1682448904776
P0 S 1682448905018,1682448905020
P0 E 1682448905419,1682448905421
P0 S 1682448905643,1682448905645
P0 E 1682448905910,1682448905912
P0 S 1682448906065,1682448906067
P0 E 1682448906726,1682448906728
P0 S 1682448906794,1682448906796
P0 E 1682448907180,1682448907182
P0 S 1682448907443,1682448907445
P0 E 1682448907667,1682448907669
P0 S 1682448907907,1682448907909
P0 E 1682448908252,1682448908254
P0 S 1682448908337,1682448908339
P0 E 1682448908659,1682448908661
P0 S 1682448908776,1682448908778
P0 E 1682448909044,1682448909046
P0 S 1682448909071,1682448909073
P0 E 1682448909579,1682448909581
P0 S 1682448909783,1682448909785
P0 E 1682448910242,1682448910244
P0 S 1682448910430,1682448910432
P0 E 1682448910780,1682448910782
P0 S 1682448910795,1682448910797
P0 E 1682448910969,1682448910971
P0 S 1682448911028,1682448911030
P0 E 1682448911480,1682448911482
P0 S 1682448911511,1682448911513
P0 E 1682448911735,1682448911737
P0 S 1682448911852,1682448911854
P0 E 1682448912098,1682448912100
P0 S 1682448912160,1682448912162
P0 E 1682448912427,1682448912429
P0 S 1682448912581,1682448912583
P0 E 1682448913057,1682448913059
P0 S 1682448913090,1682448913092
P0 E 1682448913355,1682448913357
P0 S 1682448913623,1682448913625
P0 E 1682448914047,1682448914049
P0 S 1682448914337,1682448914339
P0 E 1682448914679,1682448914681
P0 S 1682448914684,1682448914686
P0 E 1682448915116,1682448915118
P0 S 1682448915245,1682448915247
P0 E 1682448915740,1682448915742
P0 S 1682448915840,1682448915842
P0 E 1682448916348,1682448916350
P0 S 1682448916646,1682448916648
P0 E 1682448916967,1682448916969
P0 S 1682448916996,1682448916998
P0 E 1682448917129,1682448917131
P0 S 1682448917146,1682448917148
P0 E 1682448917691,1682448917693
P0 S 1682448917755,1682448917757
P0 E 1682448917975,1682448917977
P0 S 1682448918006,1682448918008
P0 E 1682448918233,1682448918235
P0 S 1682448918368,1682448918370
P0 E 1682448918872,1682448918874
P0 S 1682448919065,1682448919067
P0 E 1682448919647,1682448919649
P0 S 1682448919824,1682448919826
P0 E 1682448920120,1682448920122
P0 S 1682448920299,1682448920301
P0 E 1682448920578,1682448920580
P0 S 1682448920867,1682448920869
P0 E 1682448921302,1682448921304
P0 S 1682448921335,1682448921337
P0 E 1682448921632,1682448921634
P0 S 1682448921806,1682448921808
P0 E 1682448922423,1682448922425
P0 S 1682448922476,1682448922478
P0 E 1682448923222,1682448923224
P0 S 1682448923239,1682448923241
P0 E 1682448923733,1682448923735
P0 S 1682448923756,1682448923758
P0 E 1682448924134,1682448924136
P0 S 1682448924228,1682448924230
P0 E 1682448924731,1682448924733
P0 S 1682448924974,1682448924976
P0 E 1682448925273,1682448925275
P0 S 1682448925362,1682448925364
P0 E 1682448925844,1682448925846
P0 S 1682448926070,1682448926072
P0 E 1682448926466,1682448926468
P0 S 1682448926535,1682448926537
P0 E 1682448926927,1682448926929
P0 S 1682448927039,1682448927041
P0 E 1682448927347,1682448927349
P0 S 1682448927356,1682448927358
P0 E 1682448927650,1682448927652
P0 S 1682448927839,1682448927841
P0 E 1682448928088,1682448928090
P0 S 1682448928222,1682448928224
P0 E 1682448928683,1682448928685
P0 S 1682448928751,1682448928753
P0 E 1682448928941,1682448928943
P0 S 1682448929200,1682448929202
P0 E 1682448929439,1682448929441
P0 S 1682448929505,1682448929507
P0 E 1682448929816,1682448929818
P0 S 1682448929992,1682448929994
P0 E 1682448930372,1682448930374
P0 S 1682448930421,1682448930423
P0 E 1682448930725,1682448930727
P0 S 1682448930825,1682448930827
P0 E 1682448931116,1682448931118
P0 S 1682448931264,1682448931266
P0 E 1682448931733,1682448931735
P0 S 1682448931803,1682448931805
P0 E 1682448932148,1682448932150
P0 S 1682448932198,1682448932200
P0 E 1682448932604,1682448932606
P0 S 1682448932839,1682448932841
P0 E 1682448933265,1682448933267
P0 S 1682448933513,1682448933515
P0 E 1682448933783,1682448933785
P0 S 1682448933875,1682448933877
P0 E 1682448934090,1682448934092
P0 S 1682448934183,1682448934185
P0 E 1682448934609,1682448934611
P0 S 1682448934634,1682448934636
P0 E 1682448934895,1682448934897
P0 S 1682448934941,1682448934943
P0 E 1682448935187,1682448935189
P0 S 1682448935404,1682448935406
P0 E 1682448935880,1682448935882
P0 S 1682448936120,1682448936122
P0 E 1682448936430,1682448936432
P0 S 1682448936461,1682448936463
P0 E 1682448936634,1682448936636
P0 S 1682448936657,1682448936659
P0 E 1682448937053,1682448937055
P0 S 1682448937159,1682448937161
P0 E 1682448937577,1682448937579
P0 S 1682448937621,1682448937623
P0 E 1682448937890,1682448937892
P0 S 1682448937977,1682448937979
P0 E 1682448938366,1682448938368
P0 S 1682448938498,1682448938500
P0 E 1682448938676,1682448938678
P0 S 1682448938714,1682448938716
P0 E 1682448939294,1682448939296
P0 S 1682448939540,1682448939542
P0 E 1682448939796,1682448939798
P0 S 1682448940075,1682448940077
P0 E 1682448940396,1682448940398
P0 S 1682448940447,1682448940449
P0 E 1682448940660,1682448940662
P0 S 1682448940953,1682448940955
P0 E 1682448941466,1682448941468
P0 S 1682448941529,1682448941531
P0 E 1682448942031,1682448942033
P0 S 1682448942106,1682448942108
P0 E 1682448942336,1682448942338
P0 S 1682448942396,1682448942398
P0 E 1682448942711,1682448942713
P0 S 1682448942736,1682448942738
P0 E 1682448943202,1682448943204
P0 S 1682448943418,1682448943420
P0 E 1682448943880,1682448943882
P0 S 1682448944151,1682448944153
P0 E 1682448944459,1682448944461
P0 S 1682448944520,1682448944522
P0 E 1682448945027,1682448945029
P0 S 1682448945098,1682448945100
