P1 E 1682366251025,1682366251026
P1 S 1682366251079,1682366251080
P1 E 1682366251246,1682366251247
P1 S 1682366251343,1682366251344
P1 E 1682366252044,1682366252045
P1 S 1682366252092,1682366252093
P1 E 1682366252555,1682366252556
P1 S 1682366252593,1682366252594
P1 E 1682366253111,1682366253112
P1 S 1682366253207,1682366253208
P1 E 1682366253725,1682366253726
P1 S 1682366253913,1682366253914
P1 E 1682366254410,1682366254411
P1 S 1682366254667,1682366254668
P1 E 1682366254860,1682366254861
P1 S 1682366255029,1682366255030
P1 E 1682366255387,1682366255388
P1 S 1682366255551,1682366255552
P1 E 1682366255925,1682366255926
P1 S 1682366255928,1682366255929
P1 E 1682366256186,1682366256187
P1 S 1682366256239,1682366256240
P1 E 1682366256704,1682366256705
P1 S 1682366256958,1682366256959
P1 E 1682366257106,1682366257107
P1 S 1682366257151,1682366257152
P1 E 1682366257664,1682366257665
P1 S 1682366257751,1682366257752
P1 E 1682366258259,1682366258260
P1 S 1682366258517,1682366258518
P1 E 1682366258823,1682366258824
P1 S 1682366258882,1682366258883
P1 E 1682366259320,1682366259321
P1 S 1682366259574,1682366259575
P1 E 1682366259860,1682366259861
P1 S 1682366260035,1682366260036
P1 E 1682366260510,1682366260511
P1 S 1682366260643,1682366260644
P1 E 1682366260829,1682366260830
P1 S 1682366260956,1682366260957
P1 E 1682366261330,1682366261331
P1 S 1682366261420,1682366261421
P1 E 1682366261859,1682366261860
P1 S 1682366262021,1682366262022
P1 E 1682366262444,1682366262445
P1 S 1682366262690,1682366262691
P1 E 1682366263072,1682366263073
P1 S 1682366263141,1682366263142
P1 E 1682366263539,1682366263540
P1 S 1682366263587,1682366263588
P1 E 1682366263718,1682366263719
P1 S 1682366263750,1682366263751
P1 E 1682366264125,1682366264126
P1 S 1682366264239,1682366264240
P1 E 1682366264769,1682366264770
P1 S 1682366264869,1682366264870
P1 E 1682366265294,1682366265295
P1 S 1682366265572,1682366265573
P1 E 1682366265790,1682366265791
P1 S 1682366265815,1682366265816
P1 E 1682366266293,1682366266294
P1 S 1682366266526,1682366266527
P1 E 1682366266745,1682366266746
P1 S 1682366266829,1682366266830
P1 E 1682366267073,1682366267074
P1 S 1682366267209,1682366267210
P1 E 1682366267440,1682366267441
P1 S 1682366267507,1682366267508
P1 E 1682366267991,1682366267992
P1 S 1682366268029,1682366268030
P1 E 1682366268450,1682366268451
P1 S 1682366268653,1682366268654
P1 E 1682366269172,1682366269173
P1 S 1682366269438,1682366269439
P1 E 1682366269616,1682366269617
P1 S 1682366269775,1682366269776
P1 E 1682366270040,1682366270041
P1 S 1682366270073,1682366270074
P1 E 1682366270331,1682366270332
P1 S 1682366270504,1682366270505
P1 E 1682366270880,1682366270881
P1 S 1682366270960,1682366270961
P1 E 1682366271515,1682366271516
P1 S 1682366271772,1682366271773
P1 E 1682366272063,1682366272064
P1 S 1682366272152,1682366272153
P1 E 1682366272770,1682366272771
P1 S 1682366273070,1682366273071
P1 E 1682366273436,1682366273437
P1 S 1682366273560,1682366273561
P1 E 1682366273783,1682366273784
P1 S 1682366273899,1682366273900
P1 E 1682366274437,1682366274438
P1 S 1682366274695,1682366274696
P1 E 1682366275196,1682366275197
P1 S 1682366275308,1682366275309
P1 E 1682366275709,1682366275710
P1 S 1682366275898,1682366275899
P1 E 1682366276040,1682366276041
P1 S 1682366276207,1682366276208
P1 E 1682366276596,1682366276597
P1 S 1682366276886,1682366276887
P1 E 1682366277206,1682366277207
P1 S 1682366277313,1682366277314
P1 E 1682366277793,1682366277794
P1 S 1682366277809,1682366277810
P1 E 1682366278007,1682366278008
P1 S 1682366278119,1682366278120
P1 E 1682366278306,1682366278307
P1 S 1682366278461,1682366278462
P1 E 1682366278702,1682366278703
P1 S 1682366278960,1682366278961
P1 E 1682366279105,1682366279106
P1 S 1682366279271,1682366279272
P1 E 1682366279400,1682366279401
P1 S 1682366279628,1682366279629
P1 E 1682366280001,1682366280002
P1 S 1682366280032,1682366280033
P1 E 1682366280233,1682366280234
P1 S 1682366280299,1682366280300
P1 E 1682366280434,1682366280435
P1 S 1682366280520,1682366280521
P1 E 1682366280985,1682366280986
P1 S 1682366281144,1682366281145
P1 E 1682366281525,1682366281526
P1 S 1682366281542,1682366281543
P1 E 1682366281779,1682366281780
P1 S 1682366281822,1682366281823
P1 E 1682366282041,1682366282042
P1 S 1682366282051,1682366282052
P1 E 1682366282306,1682366282307
P1 S 1682366282317,1682366282318
P1 E 1682366282506,1682366282507
P1 S 1682366282706,1682366282707
P1 E 1682366283030,1682366283031
P1 S 1682366283210,1682366283211
P1 E 1682366283582,1682366283583
P1 S 1682366283851,1682366283852
P1 E 1682366284210,1682366284211
P1 S 1682366284234,1682366284235
P1 E 1682366284637,1682366284638
P1 S 1682366284860,1682366284861
P1 E 1682366285165,1682366285166
P1 S 1682366285388,1682366285389
P1 E 1682366285662,1682366285663
P1 S 1682366285825,1682366285826
P1 E 1682366286333,1682366286334
P1 S 1682366286550,1682366286551
P1 E 1682366286913,1682366286914
P1 S 1682366287019,1682366287020
P1 E 1682366287360,1682366287361
P1 S 1682366287412,1682366287413
P1 E 1682366287887,1682366287888
P1 S 1682366288188,1682366288189
P1 E 1682366288565,1682366288566
P1 S 1682366288834,1682366288835
P1 E 1682366288955,1682366288956
P1 S 1682366288991,1682366288992
P1 E 1682366289139,1682366289140
P1 S 1682366289280,1682366289281
P1 E 1682366289545,1682366289546
P1 S 1682366289547,1682366289548
P1 E 1682366289924,1682366289925
P1 S 1682366290168,1682366290169
P1 E 1682366290622,1682366290623
P1 S 1682366290709,1682366290710
P1 E 1682366291112,1682366291113
P1 S 1682366291149,1682366291150
P1 E 1682366291650,1682366291651
P1 S 1682366291791,1682366291792
P1 E 1682366292156,1682366292157
P1 S 1682366292203,1682366292204
P1 E 1682366292747,1682366292748
P1 S 1682366292820,1682366292821
P1 E 1682366293041,1682366293042
P1 S 1682366293060,1682366293061
P1 E 1682366293383,1682366293384
P1 S 1682366293399,1682366293400
P1 E 1682366293665,1682366293666
P1 S 1682366293846,1682366293847
P1 E 1682366294189,1682366294190
P1 S 1682366294327,1682366294328
P1 E 1682366294872,1682366294873
P1 S 1682366295088,1682366295089
P1 E 1682366295623,1682366295624
P1 S 1682366295696,1682366295697
P1 E 1682366296234,1682366296235
P1 S 1682366296259,1682366296260
P1 E 1682366296571,1682366296572
P1 S 1682366296583,1682366296584
P1 E 1682366296955,1682366296956
P1 S 1682366296993,1682366296994
P1 E 1682366297330,1682366297331
P1 S 1682366297475,1682366297476
P1 E 1682366297843,1682366297844
P1 S 1682366297927,1682366297928
P1 E 1682366298046,1682366298047
P1 S 1682366298207,1682366298208
P1 E 1682366298643,1682366298644
P1 S 1682366298678,1682366298679
