P0 E 1682366250897,1682366250897
P0 S 1682366251006,1682366251006
P1 E 1682366251026,1682366251026
P1 S 1682366251080,1682366251080
P1 E 1682366251247,1682366251247
P1 S 1682366251344,1682366251344
P0 E 1682366251471,1682366251471
P0 S 1682366251696,1682366251696
P0 E 1682366251839,1682366251839
P0 S 1682366252029,1682366252029
P1 E 1682366252045,1682366252045
P1 S 1682366252093,1682366252093
P0 E 1682366252354,1682366252354
P0 S 1682366252540,1682366252540
P1 E 1682366252556,1682366252556
P1 S 1682366252594,1682366252594
P0 E 1682366252936,1682366252936
P0 S 1682366253098,1682366253098
P1 E 1682366253112,1682366253112
P1 S 1682366253208,1682366253208
P0 E 1682366253590,1682366253590
P0 S 1682366253713,1682366253713
P1 E 1682366253726,1682366253726
P1 S 1682366253914,1682366253914
P0 E 1682366253931,1682366253931
P0 S 1682366254065,1682366254065
P0 E 1682366254271,1682366254271
P0 S 1682366254280,1682366254280
P1 E 1682366254411,1682366254411
P1 S 1682366254668,1682366254668
P0 E 1682366254681,1682366254681
P0 S 1682366254720,1682366254720
P1 E 1682366254861,1682366254861
P1 S 1682366255030,1682366255030
P0 E 1682366255078,1682366255078
P0 S 1682366255128,1682366255128
P1 E 1682366255388,1682366255388
P1 S 1682366255552,1682366255552
P0 E 1682366255563,1682366255563
P0 S 1682366255848,1682366255848
P1 E 1682366255926,1682366255926
P1 S 1682366255929,1682366255929
P1 E 1682366256187,1682366256187
P1 S 1682366256240,1682366256240
P0 E 1682366256307,1682366256307
P0 S 1682366256526,1682366256526
P1 E 1682366256705,1682366256705
P1 S 1682366256959,1682366256959
P0 E 1682366256989,1682366256989
P0 S 1682366257090,1682366257090
P1 E 1682366257107,1682366257107
P1 S 1682366257152,1682366257152
P0 E 1682366257406,1682366257406
P0 S 1682366257645,1682366257645
P1 E 1682366257665,1682366257665
P1 S 1682366257752,1682366257752
P0 E 1682366258018,1682366258018
P0 S 1682366258248,1682366258248
P1 E 1682366258260,1682366258260
P1 S 1682366258518,1682366258518
P0 E 1682366258730,1682366258730
P0 S 1682366258749,1682366258749
P1 E 1682366258824,1682366258824
P1 S 1682366258883,1682366258883
P0 E 1682366259008,1682366259008
P0 S 1682366259304,1682366259304
P1 E 1682366259321,1682366259321
P1 S 1682366259575,1682366259575
P0 E 1682366259735,1682366259735
P0 S 1682366259831,1682366259831
P1 E 1682366259861,1682366259861
P1 S 1682366260036,1682366260036
P0 E 1682366260085,1682366260085
P0 S 1682366260123,1682366260123
P0 E 1682366260314,1682366260314
P0 S 1682366260384,1682366260384
P1 E 1682366260511,1682366260511
P1 S 1682366260644,1682366260644
P0 E 1682366260673,1682366260673
P0 S 1682366260742,1682366260742
P1 E 1682366260830,1682366260830
P1 S 1682366260957,1682366260957
P0 E 1682366261132,1682366261132
P0 S 1682366261203,1682366261203
P1 E 1682366261331,1682366261331
P1 S 1682366261421,1682366261421
P0 E 1682366261569,1682366261569
P0 S 1682366261606,1682366261606
P1 E 1682366261860,1682366261860
P1 S 1682366262022,1682366262022
P0 E 1682366262032,1682366262032
P0 S 1682366262306,1682366262306
P1 E 1682366262445,1682366262445
P1 S 1682366262691,1682366262691
P0 E 1682366262702,1682366262702
P0 S 1682366262912,1682366262912
P1 E 1682366263073,1682366263073
P1 S 1682366263142,1682366263142
P0 E 1682366263169,1682366263169
P0 S 1682366263194,1682366263194
P1 E 1682366263540,1682366263540
P1 S 1682366263588,1682366263588
P0 E 1682366263671,1682366263671
P0 S 1682366263692,1682366263692
P1 E 1682366263719,1682366263719
P1 S 1682366263751,1682366263751
P0 E 1682366263861,1682366263861
P0 S 1682366264094,1682366264094
P1 E 1682366264126,1682366264126
P1 S 1682366264240,1682366264240
P0 E 1682366264519,1682366264519
P0 S 1682366264760,1682366264760
P1 E 1682366264770,1682366264770
P1 S 1682366264870,1682366264870
P0 E 1682366265020,1682366265020
P0 S 1682366265277,1682366265277
P1 E 1682366265295,1682366265295
P1 S 1682366265573,1682366265573
P0 E 1682366265582,1682366265582
P0 S 1682366265601,1682366265601
P1 E 1682366265791,1682366265791
P1 S 1682366265816,1682366265816
P0 E 1682366266001,1682366266001
P0 S 1682366266278,1682366266278
P1 E 1682366266294,1682366266294
P1 S 1682366266527,1682366266527
P1 E 1682366266746,1682366266746
P1 S 1682366266830,1682366266830
P0 E 1682366266840,1682366266840
P0 S 1682366267065,1682366267065
P1 E 1682366267074,1682366267074
P1 S 1682366267210,1682366267210
P0 E 1682366267300,1682366267300
P0 S 1682366267330,1682366267330
P1 E 1682366267441,1682366267441
P1 S 1682366267508,1682366267508
P0 E 1682366267545,1682366267545
P0 S 1682366267684,1682366267684
P1 E 1682366267992,1682366267992
P1 S 1682366268030,1682366268030
P0 E 1682366268193,1682366268193
P0 S 1682366268442,1682366268442
P1 E 1682366268451,1682366268451
P1 S 1682366268654,1682366268654
P0 E 1682366268820,1682366268820
P0 S 1682366269050,1682366269050
P1 E 1682366269173,1682366269173
P1 S 1682366269439,1682366269439
P0 E 1682366269448,1682366269448
P0 S 1682366269520,1682366269520
P1 E 1682366269617,1682366269617
P1 S 1682366269776,1682366269776
P0 E 1682366269786,1682366269786
P0 S 1682366269972,1682366269972
P1 E 1682366270041,1682366270041
P1 S 1682366270074,1682366270074
P1 E 1682366270332,1682366270332
P1 S 1682366270505,1682366270505
P0 E 1682366270528,1682366270528
P0 S 1682366270695,1682366270695
P1 E 1682366270881,1682366270881
P1 S 1682366270961,1682366270961
P0 E 1682366271080,1682366271080
P0 S 1682366271283,1682366271283
P1 E 1682366271516,1682366271516
P1 S 1682366271773,1682366271773
P0 E 1682366271781,1682366271781
P0 S 1682366271814,1682366271814
P1 E 1682366272064,1682366272064
P1 S 1682366272153,1682366272153
P0 E 1682366272163,1682366272163
P0 S 1682366272248,1682366272248
P0 E 1682366272404,1682366272404
P0 S 1682366272469,1682366272469
P0 E 1682366272627,1682366272627
P0 S 1682366272762,1682366272762
P1 E 1682366272771,1682366272771
P1 S 1682366273071,1682366273071
P0 E 1682366273079,1682366273079
P0 S 1682366273264,1682366273264
P1 E 1682366273437,1682366273437
P1 S 1682366273561,1682366273561
P0 E 1682366273677,1682366273677
P0 S 1682366273769,1682366273769
P1 E 1682366273784,1682366273784
P1 S 1682366273900,1682366273900
P0 E 1682366274018,1682366274018
P0 S 1682366274102,1682366274102
P0 E 1682366274236,1682366274236
P0 S 1682366274427,1682366274427
P1 E 1682366274438,1682366274438
P1 S 1682366274696,1682366274696
P0 E 1682366274714,1682366274714
P0 S 1682366274946,1682366274946
P1 E 1682366275197,1682366275197
P1 S 1682366275309,1682366275309
P0 E 1682366275318,1682366275318
P0 S 1682366275359,1682366275359
P0 E 1682366275593,1682366275593
P0 S 1682366275702,1682366275702
P1 E 1682366275710,1682366275710
P1 S 1682366275899,1682366275899
P1 E 1682366276041,1682366276041
P1 S 1682366276208,1682366276208
P0 E 1682366276217,1682366276217
P0 S 1682366276411,1682366276411
P1 E 1682366276597,1682366276597
P1 S 1682366276887,1682366276887
P0 E 1682366276895,1682366276895
P0 S 1682366276922,1682366276922
P1 E 1682366277207,1682366277207
P1 S 1682366277314,1682366277314
P0 E 1682366277348,1682366277348
P0 S 1682366277648,1682366277648
P1 E 1682366277794,1682366277794
P1 S 1682366277810,1682366277810
P0 E 1682366277926,1682366277926
P0 S 1682366278000,1682366278000
P1 E 1682366278008,1682366278008
P1 S 1682366278120,1682366278120
P0 E 1682366278204,1682366278204
P0 S 1682366278296,1682366278296
P1 E 1682366278307,1682366278307
P1 S 1682366278462,1682366278462
P0 E 1682366278482,1682366278482
P0 S 1682366278528,1682366278528
P1 E 1682366278703,1682366278703
P1 S 1682366278961,1682366278961
P0 E 1682366278971,1682366278971
P0 S 1682366279097,1682366279097
P1 E 1682366279106,1682366279106
P1 S 1682366279272,1682366279272
P0 E 1682366279298,1682366279298
P0 S 1682366279341,1682366279341
P1 E 1682366279401,1682366279401
P1 S 1682366279629,1682366279629
P0 E 1682366279691,1682366279691
P0 S 1682366279728,1682366279728
P1 E 1682366280002,1682366280002
P1 S 1682366280033,1682366280033
P0 E 1682366280086,1682366280086
P0 S 1682366280211,1682366280211
P1 E 1682366280234,1682366280234
P1 S 1682366280300,1682366280300
P1 E 1682366280435,1682366280435
P1 S 1682366280521,1682366280521
P0 E 1682366280609,1682366280609
P0 S 1682366280859,1682366280859
P1 E 1682366280986,1682366280986
P1 S 1682366281145,1682366281145
P0 E 1682366281154,1682366281154
P0 S 1682366281439,1682366281439
P1 E 1682366281526,1682366281526
P1 S 1682366281543,1682366281543
P1 E 1682366281780,1682366281780
P1 S 1682366281823,1682366281823
P0 E 1682366281880,1682366281880
P0 S 1682366282033,1682366282033
P1 E 1682366282042,1682366282042
P1 S 1682366282052,1682366282052
P1 E 1682366282307,1682366282307
P1 S 1682366282318,1682366282318
P0 E 1682366282431,1682366282431
P0 S 1682366282497,1682366282497
P1 E 1682366282507,1682366282507
P1 S 1682366282707,1682366282707
P0 E 1682366282831,1682366282831
P0 S 1682366282896,1682366282896
P1 E 1682366283031,1682366283031
P1 S 1682366283211,1682366283211
P0 E 1682366283220,1682366283220
P0 S 1682366283396,1682366283396
P1 E 1682366283583,1682366283583
P1 S 1682366283852,1682366283852
P0 E 1682366283860,1682366283860
P0 S 1682366283912,1682366283912
P0 E 1682366284070,1682366284070
P0 S 1682366284203,1682366284203
P1 E 1682366284211,1682366284211
P1 S 1682366284235,1682366284235
P0 E 1682366284384,1682366284384
P0 S 1682366284512,1682366284512
P1 E 1682366284638,1682366284638
P1 S 1682366284861,1682366284861
P0 E 1682366284869,1682366284869
P0 S 1682366285111,1682366285111
P1 E 1682366285166,1682366285166
P1 S 1682366285389,1682366285389
P0 E 1682366285397,1682366285397
P0 S 1682366285555,1682366285555
P1 E 1682366285663,1682366285663
P1 S 1682366285826,1682366285826
P0 E 1682366285922,1682366285922
P0 S 1682366286156,1682366286156
P1 E 1682366286334,1682366286334
P1 S 1682366286551,1682366286551
P0 E 1682366286565,1682366286565
P0 S 1682366286669,1682366286669
P1 E 1682366286914,1682366286914
P1 S 1682366287020,1682366287020
P0 E 1682366287074,1682366287074
P0 S 1682366287352,1682366287352
P1 E 1682366287361,1682366287361
P1 S 1682366287413,1682366287413
P0 E 1682366287492,1682366287492
P0 S 1682366287781,1682366287781
P1 E 1682366287888,1682366287888
P1 S 1682366288189,1682366288189
P0 E 1682366288263,1682366288263
P0 S 1682366288559,1682366288559
P1 E 1682366288566,1682366288566
P1 S 1682366288835,1682366288835
P1 E 1682366288956,1682366288956
P1 S 1682366288992,1682366288992
P0 E 1682366289046,1682366289046
P0 S 1682366289132,1682366289132
P1 E 1682366289140,1682366289140
P1 S 1682366289281,1682366289281
P0 E 1682366289329,1682366289329
P0 S 1682366289367,1682366289367
P1 E 1682366289546,1682366289546
P1 S 1682366289548,1682366289548
P0 E 1682366289734,1682366289734
P0 S 1682366289745,1682366289745
P0 E 1682366289904,1682366289904
P0 S 1682366289910,1682366289910
P1 E 1682366289925,1682366289925
P1 S 1682366290169,1682366290169
P0 E 1682366290396,1682366290396
P0 S 1682366290615,1682366290615
P1 E 1682366290623,1682366290623
P1 S 1682366290710,1682366290710
P0 E 1682366290864,1682366290864
P0 S 1682366290963,1682366290963
P1 E 1682366291113,1682366291113
P1 S 1682366291150,1682366291150
P0 E 1682366291350,1682366291350
P0 S 1682366291643,1682366291643
P1 E 1682366291651,1682366291651
P1 S 1682366291792,1682366291792
P0 E 1682366291983,1682366291983
P0 S 1682366292149,1682366292149
P1 E 1682366292157,1682366292157
P1 S 1682366292204,1682366292204
P0 E 1682366292410,1682366292410
P0 S 1682366292494,1682366292494
P1 E 1682366292748,1682366292748
P1 S 1682366292821,1682366292821
P0 E 1682366293002,1682366293002
P0 S 1682366293008,1682366293008
P1 E 1682366293042,1682366293042
P1 S 1682366293061,1682366293061
P1 E 1682366293384,1682366293384
P1 S 1682366293400,1682366293400
P0 E 1682366293425,1682366293425
P0 S 1682366293610,1682366293610
P1 E 1682366293666,1682366293666
P1 S 1682366293847,1682366293847
P0 E 1682366293892,1682366293892
P0 S 1682366294171,1682366294171
P1 E 1682366294190,1682366294190
P1 S 1682366294328,1682366294328
P0 E 1682366294346,1682366294346
P0 S 1682366294391,1682366294391
P0 E 1682366294554,1682366294554
P0 S 1682366294852,1682366294852
P1 E 1682366294873,1682366294873
P1 S 1682366295089,1682366295089
P0 E 1682366295122,1682366295122
P0 S 1682366295127,1682366295127
P0 E 1682366295350,1682366295350
P0 S 1682366295553,1682366295553
P1 E 1682366295624,1682366295624
P1 S 1682366295697,1682366295697
P0 E 1682366295845,1682366295845
P0 S 1682366295878,1682366295878
P1 E 1682366296235,1682366296235
P1 S 1682366296260,1682366296260
P0 E 1682366296321,1682366296321
P0 S 1682366296543,1682366296543
P1 E 1682366296572,1682366296572
P1 S 1682366296584,1682366296584
P1 E 1682366296956,1682366296956
P1 S 1682366296994,1682366296994
P0 E 1682366297149,1682366297149
P0 S 1682366297189,1682366297189
P1 E 1682366297331,1682366297331
P1 S 1682366297476,1682366297476
P0 E 1682366297683,1682366297683
P0 S 1682366297836,1682366297836
P1 E 1682366297844,1682366297844
P1 S 1682366297928,1682366297928
P1 E 1682366298047,1682366298047
P1 S 1682366298208,1682366298208
P0 E 1682366298216,1682366298216
P0 S 1682366298397,1682366298397
P1 E 1682366298644,1682366298644
P1 S 1682366298679,1682366298679
P0 E 1682366298840,1682366298840
P0 S 1682366298925,1682366298925
